MCS-Spring-2016-Mobile-Application-Development/Inclass Assignments/Chapter_7_Earthquake_Part_2/app/build/outputs/logs/manifest-merger-debug-report.txt
-- Merging decision tree log ---
manifest
ADDED from src\main\AndroidManifest.xml:2:1-26:12
	package
		ADDED from src\main\AndroidManifest.xml:3:3-32
		INJECTED from src\main\AndroidManifest.xml
		INJECTED from src\main\AndroidManifest.xml
	android:versionName
		ADDED from src\main\AndroidManifest.xml:5:3-28
		INJECTED from src\main\AndroidManifest.xml
		INJECTED from src\main\AndroidManifest.xml
	android:versionCode
		ADDED from src\main\AndroidManifest.xml:4:3-26
		INJECTED from src\main\AndroidManifest.xml
		INJECTED from src\main\AndroidManifest.xml
	xmlns:android
		ADDED from src\main\AndroidManifest.xml:2:11-69
uses-permission#android.permission.INTERNET
ADDED from src\main\AndroidManifest.xml:7:3-64
	android:name
		ADDED from src\main\AndroidManifest.xml:7:20-62
uses-sdk
ADDED from src\main\AndroidManifest.xml:8:3-41
	android:targetSdkVersion
		INJECTED from src\main\AndroidManifest.xml
		INJECTED from src\main\AndroidManifest.xml
	android:minSdkVersion
		ADDED from src\main\AndroidManifest.xml:8:13-39
		INJECTED from src\main\AndroidManifest.xml
		INJECTED from src\main\AndroidManifest.xml
application
ADDED from src\main\AndroidManifest.xml:10:3-25:17
	android:label
		ADDED from src\main\AndroidManifest.xml:12:5-37
	android:icon
		ADDED from src\main\AndroidManifest.xml:11:5-41
activity#com.paad.earthquake.PreferencesActivity
ADDED from src\main\AndroidManifest.xml:13:5-15:16
	android:label
		ADDED from src\main\AndroidManifest.xml:14:7-45
	android:name
		ADDED from src\main\AndroidManifest.xml:13:15-50
activity#com.paad.earthquake.Earthquake
ADDED from src\main\AndroidManifest.xml:16:5-23:16
	android:label
		ADDED from src\main\AndroidManifest.xml:18:7-39
	android:name
		ADDED from src\main\AndroidManifest.xml:17:7-33
intent-filter#android.intent.action.MAIN+android.intent.category.LAUNCHER
ADDED from src\main\AndroidManifest.xml:19:7-22:23
action#android.intent.action.MAIN
ADDED from src\main\AndroidManifest.xml:20:9-61
	android:name
		ADDED from src\main\AndroidManifest.xml:20:17-58
category#android.intent.category.LAUNCHER
ADDED from src\main\AndroidManifest.xml:21:9-69
	android:name
		ADDED from src\main\AndroidManifest.xml:21:19-66
activity#com.paad.earthquake.FragmentPreferences
ADDED from src\main\AndroidManifest.xml:24:5-52
	android:name
		ADDED from src\main\AndroidManifest.xml:24:15-50